<?xml version="1.0" encoding="UTF-8"?>
<!-- Generated by org.testng.reporters.JUnitXMLReporter -->
<testsuite ignored="3" hostname="Gayatris-MacBook-Air.local" failures="0" tests="1" name="Default test" time="8.502" errors="0" timestamp="2025-07-13T12:21:07 IST">
  <testcase classname="com.makemytrip.selenium_cabstests.OutstationOneWayTests_usingPOM" name="FuelTpeFilterverification" time="5.965"/>
  <testcase classname="com.makemytrip.selenium_cabstests.OutstationOneWayTests_usingPOM" name="validOutstationOneWayCabSearch" time="0.0">
    <ignored/>
  </testcase> <!-- validOutstationOneWayCabSearch -->
  <testcase classname="com.makemytrip.selenium_cabstests.OutstationOneWayTests_usingPOM" name="defaultDepartureDate" time="0.0">
    <ignored/>
  </testcase> <!-- defaultDepartureDate -->
  <testcase classname="com.makemytrip.selenium_cabstests.OutstationOneWayTests_usingPOM" name="SameInvalidOutstationOneWayCabSearch" time="0.0">
    <ignored/>
  </testcase> <!-- SameInvalidOutstationOneWayCabSearch -->
</testsuite> <!-- Default test -->
