<?xml version="1.0" encoding="UTF-8"?>
<!-- Generated by org.testng.reporters.JUnitXMLReporter -->
<testsuite ignored="0" hostname="Gayatris-MacBook-Air.local" failures="2" tests="2" name="Test" time="9.31" errors="0" timestamp="2025-07-17T15:05:00 IST">
  <testcase classname="com.makemytrip.selenium_cabstests.OutstationRoadTripTests_usingPOM" name="addStopsButtonValidation" time="2.888">
    <failure type="java.lang.Error" message="Unresolved compilation problems: 
	driver cannot be resolved or is not a field
	driver cannot be resolved or is not a field
">
      <![CDATA[java.lang.Error: Unresolved compilation problems: 
driver cannot be resolved or is not a field
driver cannot be resolved or is not a field

at com.makemytrip.pages.CabSearchPage.clickOnMoreStopsCity(CabSearchPage.java:88)
at com.makemytrip.selenium_cabstests.OutstationRoadTripTests_usingPOM.addStopsButtonValidation(OutstationRoadTripTests_usingPOM.java:57)
at java.base/java.util.ArrayList.forEach(ArrayList.java:1596)
... Removed 25 stack frames]]>
    </failure>
  </testcase> <!-- addStopsButtonValidation -->
  <testcase classname="com.makemytrip.selenium_cabstests.OutstationRoadTripTests_usingPOM" name="validOutstationRoundTripCabSearch" time="1.363">
    <failure type="org.openqa.selenium.NoSuchSessionException" message="Session ID is null. Using WebDriver after calling quit()?
Build info: version: &amp;apos;4.31.0&amp;apos;, revision: &amp;apos;1ef9f18787*&amp;apos;
System info: os.name: &amp;apos;Mac OS X&amp;apos;, os.arch: &amp;apos;aarch64&amp;apos;, os.version: &amp;apos;14.6.1&amp;apos;, java.version: &amp;apos;21.0.7&amp;apos;
Driver info: org.openqa.selenium.chrome.ChromeDriver
Command: [null, findElement {value=//div[@class=&amp;apos;autoSuggestPlugin hsw_autocomplePopup&amp;apos;]//following::span[contains(text(),&amp;apos;Pune, Maharashtra, India&amp;apos;)], using=xpath}]
Capabilities {acceptInsecureCerts: false, browserName: chrome, browserVersion: 138.0.7204.101, chrome: {chromedriverVersion: 138.0.7204.157 (e533e98b126..., userDataDir: /var/folders/zf/jt1v52f10ts...}, fedcm:accounts: true, goog:chromeOptions: {debuggerAddress: localhost:64512}, networkConnectionEnabled: false, pageLoadStrategy: normal, platformName: mac, proxy: Proxy(), se:cdp: ws://localhost:64512/devtoo..., se:cdpVersion: 138.0.7204.101, setWindowRect: true, strictFileInteractability: false, timeouts: {implicit: 0, pageLoad: 300000, script: 30000}, unhandledPromptBehavior: dismiss and notify, webauthn:extension:credBlob: true, webauthn:extension:largeBlob: true, webauthn:extension:minPinLength: true, webauthn:extension:prf: true, webauthn:virtualAuthenticators: true}">
      <![CDATA[org.openqa.selenium.NoSuchSessionException: Session ID is null. Using WebDriver after calling quit()?
Build info: version: '4.31.0', revision: '1ef9f18787*'
System info: os.name: 'Mac OS X', os.arch: 'aarch64', os.version: '14.6.1', java.version: '21.0.7'
Driver info: org.openqa.selenium.chrome.ChromeDriver
Command: [null, findElement {value=//div[@class='autoSuggestPlugin hsw_autocomplePopup']//following::span[contains(text(),'Pune, Maharashtra, India')], using=xpath}]
Capabilities {acceptInsecureCerts: false, browserName: chrome, browserVersion: 138.0.7204.101, chrome: {chromedriverVersion: 138.0.7204.157 (e533e98b126..., userDataDir: /var/folders/zf/jt1v52f10ts...}, fedcm:accounts: true, goog:chromeOptions: {debuggerAddress: localhost:64512}, networkConnectionEnabled: false, pageLoadStrategy: normal, platformName: mac, proxy: Proxy(), se:cdp: ws://localhost:64512/devtoo..., se:cdpVersion: 138.0.7204.101, setWindowRect: true, strictFileInteractability: false, timeouts: {implicit: 0, pageLoad: 300000, script: 30000}, unhandledPromptBehavior: dismiss and notify, webauthn:extension:credBlob: true, webauthn:extension:largeBlob: true, webauthn:extension:minPinLength: true, webauthn:extension:prf: true, webauthn:virtualAuthenticators: true}
at org.openqa.selenium.remote.HttpCommandExecutor.execute(HttpCommandExecutor.java:176)
at org.openqa.selenium.remote.service.DriverCommandExecutor.invokeExecute(DriverCommandExecutor.java:216)
at org.openqa.selenium.remote.service.DriverCommandExecutor.execute(DriverCommandExecutor.java:174)
at org.openqa.selenium.remote.RemoteWebDriver.execute(RemoteWebDriver.java:545)
at org.openqa.selenium.remote.ElementLocation$ElementFinder$2.findElement(ElementLocation.java:165)
at org.openqa.selenium.remote.ElementLocation.findElement(ElementLocation.java:59)
at org.openqa.selenium.remote.RemoteWebDriver.findElement(RemoteWebDriver.java:368)
at org.openqa.selenium.remote.RemoteWebDriver.findElement(RemoteWebDriver.java:362)
at org.openqa.selenium.support.ui.ExpectedConditions$7.apply(ExpectedConditions.java:194)
at org.openqa.selenium.support.ui.ExpectedConditions$7.apply(ExpectedConditions.java:190)
at org.openqa.selenium.support.ui.ExpectedConditions$22.apply(ExpectedConditions.java:627)
at org.openqa.selenium.support.ui.ExpectedConditions$22.apply(ExpectedConditions.java:624)
at org.openqa.selenium.support.ui.FluentWait.until(FluentWait.java:203)
at com.utils.WaitFor.elementToBeVisible(WaitFor.java:42)
at com.makemytrip.pages.CabSearchPage.clickOnCity(CabSearchPage.java:181)
at com.makemytrip.selenium_cabstests.OutstationRoadTripTests_usingPOM.validOutstationRoundTripCabSearch(OutstationRoadTripTests_usingPOM.java:24)
at java.base/java.util.ArrayList.forEach(ArrayList.java:1596)
... Removed 25 stack frames]]>
    </failure>
  </testcase> <!-- validOutstationRoundTripCabSearch -->
</testsuite> <!-- Test -->
