<?xml version="1.0" encoding="UTF-8"?>
<testng-results ignored="0" total="1" passed="1" failed="0" skipped="0">
  <reporter-output>
  </reporter-output>
  <suite started-at="2025-07-06T00:14:50 IST" name="Default suite" finished-at="2025-07-06T00:14:59 IST" duration-ms="8717">
    <groups>
    </groups>
    <test started-at="2025-07-06T00:14:50 IST" name="Default test" finished-at="2025-07-06T00:14:59 IST" duration-ms="8717">
      <class name="com.makeMyTrip.selenium_cabsTests.TestClass">
        <test-method is-config="true" signature="launchBrowser()[pri:0, instance:com.makeMyTrip.selenium_cabsTests.TestClass@3427b02d]" started-at="2025-07-06T00:14:50 IST" name="launchBrowser" finished-at="2025-07-06T00:14:52 IST" duration-ms="2488" status="PASS">
          <reporter-output>
          </reporter-output>
        </test-method> <!-- launchBrowser -->
        <test-method signature="validOutstationOneWayCabSearch()[pri:0, instance:com.makeMyTrip.selenium_cabsTests.TestClass@3427b02d]" started-at="2025-07-06T00:14:52 IST" name="validOutstationOneWayCabSearch" finished-at="2025-07-06T00:14:59 IST" duration-ms="6208" status="PASS">
          <reporter-output>
          </reporter-output>
        </test-method> <!-- validOutstationOneWayCabSearch -->
      </class> <!-- com.makeMyTrip.selenium_cabsTests.TestClass -->
    </test> <!-- Default test -->
  </suite> <!-- Default suite -->
</testng-results>
