<?xml version="1.0" encoding="UTF-8"?>
<testng-results ignored="0" total="4" passed="4" failed="0" skipped="0">
  <reporter-output>
  </reporter-output>
  <suite started-at="2025-08-05T15:13:55 IST" name="Default suite" finished-at="2025-08-05T15:14:23 IST" duration-ms="28984">
    <groups>
      <group name="cucumber">
        <method signature="AbstractTestNGCucumberTests.runScenario(io.cucumber.testng.PickleWrapper,io.cucumber.testng.FeatureWrapper)[pri:0, instance:com.makemytrip.runners.FeatureRunner@13d73f29]" name="runScenario" class="io.cucumber.testng.AbstractTestNGCucumberTests"/>
      </group> <!-- cucumber -->
    </groups>
    <test started-at="2025-08-05T15:13:55 IST" name="Default test" finished-at="2025-08-05T15:14:23 IST" duration-ms="28984">
      <class name="com.makemytrip.runners.FeatureRunner">
        <test-method is-config="true" signature="setUpClass(org.testng.ITestContext)[pri:0, instance:com.makemytrip.runners.FeatureRunner@13d73f29]" started-at="2025-08-05T15:13:55 IST" name="setUpClass" finished-at="2025-08-05T15:13:55 IST" duration-ms="80" status="PASS">
          <params>
            <param index="0">
              <value>
                <![CDATA[org.testng.TestRunner@36c7cbe1]]>
              </value>
            </param>
          </params>
          <reporter-output>
          </reporter-output>
        </test-method> <!-- setUpClass -->
        <test-method signature="runScenario(io.cucumber.testng.PickleWrapper,io.cucumber.testng.FeatureWrapper)[pri:0, instance:com.makemytrip.runners.FeatureRunner@13d73f29]" started-at="2025-08-05T15:13:55 IST" name="runScenario" description="Runs Cucumber Scenarios" data-provider="scenarios" finished-at="2025-08-05T15:14:05 IST" duration-ms="10555" status="PASS">
          <params>
            <param index="0">
              <value>
                <![CDATA["verify OutstationOneWay cab search functionality by selecting cities, time and date"]]>
              </value>
            </param>
            <param index="1">
              <value>
                <![CDATA["Cab Booking : Outstation One Way Ride"]]>
              </value>
            </param>
          </params>
          <reporter-output>
          </reporter-output>
        </test-method> <!-- runScenario -->
        <test-method signature="runScenario(io.cucumber.testng.PickleWrapper,io.cucumber.testng.FeatureWrapper)[pri:0, instance:com.makemytrip.runners.FeatureRunner@13d73f29]" started-at="2025-08-05T15:14:05 IST" name="runScenario" description="Runs Cucumber Scenarios" data-provider="scenarios" finished-at="2025-08-05T15:14:10 IST" duration-ms="5153" status="PASS">
          <params>
            <param index="0">
              <value>
                <![CDATA["verify error message after entering same From and To input fields"]]>
              </value>
            </param>
            <param index="1">
              <value>
                <![CDATA["Cab Booking : Outstation One Way Ride"]]>
              </value>
            </param>
          </params>
          <reporter-output>
          </reporter-output>
        </test-method> <!-- runScenario -->
        <test-method signature="runScenario(io.cucumber.testng.PickleWrapper,io.cucumber.testng.FeatureWrapper)[pri:0, instance:com.makemytrip.runners.FeatureRunner@13d73f29]" started-at="2025-08-05T15:14:10 IST" name="runScenario" description="Runs Cucumber Scenarios" data-provider="scenarios" finished-at="2025-08-05T15:14:17 IST" duration-ms="6988" status="PASS">
          <params>
            <param index="0">
              <value>
                <![CDATA["verify Error Message appear and shakes after entering same From and To City and click on search"]]>
              </value>
            </param>
            <param index="1">
              <value>
                <![CDATA["Cab Booking : Outstation One Way Ride"]]>
              </value>
            </param>
          </params>
          <reporter-output>
          </reporter-output>
        </test-method> <!-- runScenario -->
        <test-method signature="runScenario(io.cucumber.testng.PickleWrapper,io.cucumber.testng.FeatureWrapper)[pri:0, instance:com.makemytrip.runners.FeatureRunner@13d73f29]" started-at="2025-08-05T15:14:17 IST" name="runScenario" description="Runs Cucumber Scenarios" data-provider="scenarios" finished-at="2025-08-05T15:14:23 IST" duration-ms="6183" status="PASS">
          <params>
            <param index="0">
              <value>
                <![CDATA["verify By clicking on Return Date of Outstation One-Way ride type shifts to Outstation Round-Trip"]]>
              </value>
            </param>
            <param index="1">
              <value>
                <![CDATA["Cab Booking : Outstation One Way Ride"]]>
              </value>
            </param>
          </params>
          <reporter-output>
          </reporter-output>
        </test-method> <!-- runScenario -->
        <test-method is-config="true" signature="tearDownClass()[pri:0, instance:com.makemytrip.runners.FeatureRunner@13d73f29]" started-at="2025-08-05T15:14:23 IST" name="tearDownClass" finished-at="2025-08-05T15:14:23 IST" duration-ms="2" status="PASS">
          <reporter-output>
          </reporter-output>
        </test-method> <!-- tearDownClass -->
      </class> <!-- com.makemytrip.runners.FeatureRunner -->
    </test> <!-- Default test -->
  </suite> <!-- Default suite -->
</testng-results>
